<?xml version="1.0" encoding="UTF-8"?>
<testsuite xmlns:xsi="http://www.w3.org/2001/XMLSchema-instance" xsi:noNamespaceSchemaLocation="https://maven.apache.org/surefire/maven-surefire-plugin/xsd/surefire-test-report.xsd" name="edu.mep.memory_management_simulation.MemoryMapTest" time="0.001" tests="6" errors="0" skipped="0" failures="0">
  <properties>
    <property name="java.specification.version" value="15"/>
    <property name="sun.jnu.encoding" value="UTF-8"/>
    <property name="java.class.path" value="/home/andrei/eclipse-workspace/memory-management-simulator/target/test-classes:/home/andrei/eclipse-workspace/memory-management-simulator/target/classes:/home/andrei/.m2/repository/junit/junit/4.11/junit-4.11.jar:/home/andrei/.m2/repository/org/hamcrest/hamcrest-core/1.3/hamcrest-core-1.3.jar:"/>
    <property name="java.vm.vendor" value="Private Build"/>
    <property name="sun.arch.data.model" value="64"/>
    <property name="java.vendor.url" value="Unknown"/>
    <property name="os.name" value="Linux"/>
    <property name="java.vm.specification.version" value="15"/>
    <property name="sun.java.launcher" value="SUN_STANDARD"/>
    <property name="user.country" value="US"/>
    <property name="sun.boot.library.path" value="/usr/lib/jvm/java-15-openjdk-amd64/lib"/>
    <property name="sun.java.command" value="/home/andrei/eclipse-workspace/memory-management-simulator/target/surefire/surefirebooter13120487934443131341.jar /home/andrei/eclipse-workspace/memory-management-simulator/target/surefire 2021-08-16T08-34-12_144-jvmRun1 surefire283227807376171552tmp surefire_06622637836128205654tmp"/>
    <property name="jdk.debug" value="release"/>
    <property name="surefire.test.class.path" value="/home/andrei/eclipse-workspace/memory-management-simulator/target/test-classes:/home/andrei/eclipse-workspace/memory-management-simulator/target/classes:/home/andrei/.m2/repository/junit/junit/4.11/junit-4.11.jar:/home/andrei/.m2/repository/org/hamcrest/hamcrest-core/1.3/hamcrest-core-1.3.jar:"/>
    <property name="sun.cpu.endian" value="little"/>
    <property name="user.home" value="/home/andrei"/>
    <property name="user.language" value="en"/>
    <property name="java.specification.vendor" value="Oracle Corporation"/>
    <property name="java.version.date" value="2021-04-20"/>
    <property name="java.home" value="/usr/lib/jvm/java-15-openjdk-amd64"/>
    <property name="file.separator" value="/"/>
    <property name="basedir" value="/home/andrei/eclipse-workspace/memory-management-simulator"/>
    <property name="java.vm.compressedOopsMode" value="Zero based"/>
    <property name="line.separator" value="&#10;"/>
    <property name="java.vm.specification.vendor" value="Oracle Corporation"/>
    <property name="java.specification.name" value="Java Platform API Specification"/>
    <property name="surefire.real.class.path" value="/home/andrei/eclipse-workspace/memory-management-simulator/target/surefire/surefirebooter13120487934443131341.jar"/>
    <property name="sun.management.compiler" value="HotSpot 64-Bit Tiered Compilers"/>
    <property name="java.runtime.version" value="15.0.3+3-Ubuntu-1"/>
    <property name="user.name" value="andrei"/>
    <property name="path.separator" value=":"/>
    <property name="os.version" value="5.11.0-25-generic"/>
    <property name="java.runtime.name" value="OpenJDK Runtime Environment"/>
    <property name="file.encoding" value="UTF-8"/>
    <property name="java.vm.name" value="OpenJDK 64-Bit Server VM"/>
    <property name="localRepository" value="/home/andrei/.m2/repository"/>
    <property name="java.vendor.url.bug" value="Unknown"/>
    <property name="java.io.tmpdir" value="/tmp"/>
    <property name="java.version" value="15.0.3"/>
    <property name="user.dir" value="/home/andrei/eclipse-workspace/memory-management-simulator"/>
    <property name="os.arch" value="amd64"/>
    <property name="java.vm.specification.name" value="Java Virtual Machine Specification"/>
    <property name="java.library.path" value="/usr/java/packages/lib:/usr/lib/x86_64-linux-gnu/jni:/lib/x86_64-linux-gnu:/usr/lib/x86_64-linux-gnu:/usr/lib/jni:/lib:/usr/lib"/>
    <property name="java.vm.info" value="mixed mode, sharing"/>
    <property name="java.vendor" value="Private Build"/>
    <property name="java.vm.version" value="15.0.3+3-Ubuntu-1"/>
    <property name="sun.io.unicode.encoding" value="UnicodeLittle"/>
    <property name="java.class.version" value="59.0"/>
  </properties>
  <testcase name="testMemoryDefragmentation" classname="edu.mep.memory_management_simulation.MemoryMapTest" time="0"/>
  <testcase name="testMemoryDeallocation1" classname="edu.mep.memory_management_simulation.MemoryMapTest" time="0"/>
  <testcase name="testMemoryAllocation1" classname="edu.mep.memory_management_simulation.MemoryMapTest" time="0"/>
  <testcase name="testMemoryAllocation2" classname="edu.mep.memory_management_simulation.MemoryMapTest" time="0"/>
  <testcase name="testMemoryAllocation3" classname="edu.mep.memory_management_simulation.MemoryMapTest" time="0"/>
  <testcase name="testMemoryAllocation4" classname="edu.mep.memory_management_simulation.MemoryMapTest" time="0"/>
</testsuite>